<?xml version="1.0" encoding="UTF-8"?>
<!-- Generated by org.testng.reporters.JUnitReportReporter -->
<testsuite skipped="0" hostname="2030002947" name="com.samsung.kidsplay.SyncTest" tests="1" failures="0" timestamp="15 Nov 2018 20:57:38 GMT" time="6.530" errors="0">
  <testcase name="sync" time="6.530" classname="com.samsung.kidsplay.SyncTest"/>
</testsuite> <!-- com.samsung.kidsplay.SyncTest -->
