<?xml version="1.0" encoding="UTF-8"?>
<!-- Generated by org.testng.reporters.JUnitReportReporter -->
<testsuite skipped="0" hostname="2030002947" name="com.samsung.kidsplay.CheckEndPointTest" tests="7" failures="0" timestamp="15 Nov 2018 00:10:13 GMT" time="3.632" errors="0">
  <testcase name="checkUpdate" time="0.532" classname="com.samsung.kidsplay.CheckEndPointTest"/>
  <testcase name="checkUpdateFrom" time="0.609" classname="com.samsung.kidsplay.CheckEndPointTest"/>
  <testcase name="clientUpdate" time="0.516" classname="com.samsung.kidsplay.CheckEndPointTest"/>
  <testcase name="QAEnabled" time="0.487" classname="com.samsung.kidsplay.CheckEndPointTest"/>
  <testcase name="useQAHub" time="0.498" classname="com.samsung.kidsplay.CheckEndPointTest"/>
  <testcase name="clearSession" time="0.463" classname="com.samsung.kidsplay.CheckEndPointTest"/>
  <testcase name="exists" time="0.527" classname="com.samsung.kidsplay.CheckEndPointTest"/>
</testsuite> <!-- com.samsung.kidsplay.CheckEndPointTest -->
